<?xml version="1.0" encoding="UTF-8"?>
<!-- Generated by org.testng.reporters.JUnitXMLReporter -->
<testsuite ignored="0" hostname="DESKTOP-FJF7J42" failures="0" tests="4" name="Test" time="65.488" errors="0" timestamp="2021-03-26T12:35:18 IST">
  <testcase classname="Academy.HomePageTest" name="basePageNavigation" time="10.41"/>
  <testcase classname="Academy.HomePageTest" name="basePageNavigation" time="8.191"/>
  <testcase classname="Academy.ValidateNavigationBarTest" name="basePageNavigation" time="0.416"/>
  <testcase classname="Academy.ValidateTitleTest" name="basePageNavigation" time="0.088"/>
</testsuite> <!-- Test -->
