-------------------------------------------------------------------------------
Test set: TestSuite
-------------------------------------------------------------------------------
Tests run: 5, Failures: 1, Errors: 0, Skipped: 0, Time elapsed: 73.403 s <<< FAILURE! - in TestSuite
validateTitleText(Academy.ValidateTitleTest)  Time elapsed: 0.102 s  <<< FAILURE!
java.lang.AssertionError: expected [FEATURED COURSES123] but found [FEATURED COURSES]
	at Academy.ValidateTitleTest.validateTitleText(ValidateTitleTest.java:45)

