<?xml version="1.0" encoding="UTF-8"?>
<testsuite xmlns:xsi="http://www.w3.org/2001/XMLSchema-instance" xsi:noNamespaceSchemaLocation="https://maven.apache.org/surefire/maven-surefire-plugin/xsd/surefire-test-report.xsd" name="TestSuite" time="73.403" tests="5" errors="0" skipped="0" failures="1">
  <properties>
[...]
</properties>
  <testcase name="basePageNavigation" classname="Academy.HomePageTest" time="14.021"/>
  <testcase name="basePageNavigation" classname="Academy.HomePageTest" time="12.441"/>
  <testcase name="validateNavigationBar" classname="Academy.ValidateNavigationBarTest" time="0.188"/>
  <testcase name="validateTitleText" classname="Academy.ValidateTitleTest" time="0.102">
    <failure message="expected [FEATURED COURSES123] but found [FEATURED COURSES]" type="java.lang.AssertionError">java.lang.AssertionError: expected [FEATURED COURSES123] but found [FEATURED COURSES]
	at Academy.ValidateTitleTest.validateTitleText(ValidateTitleTest.java:45)
</failure>
  </testcase>
  <testcase name="shouldAnswerWithTrue on shouldAnswerWithTrue(Academy.AppTest)" classname="Academy.AppTest" time="0.002"/>
</testsuite>